{
  "RSpec": {
    "coverage": {
      "C:/Users/Macie/Desktop/hand2band/questionnaire-app/spec/models/answer_spec.rb": {
        "lines": [
          1,
          null,
          1,
          null,
          1,
          7,
          7,
          7,
          7,
          7,
          null,
          null,
          1,
          1,
          null,
          null,
          1,
          1,
          1,
          null,
          null,
          1,
          1,
          1,
          null,
          null,
          1,
          1,
          1,
          null,
          null,
          1,
          1,
          1,
          null,
          null,
          1,
          1,
          1,
          1,
          1,
          1,
          null,
          null,
          1,
          1,
          1,
          1,
          1,
          1,
          null,
          null
        ]
      },
      "C:/Users/Macie/Desktop/hand2band/questionnaire-app/spec/rails_helper.rb": {
        "lines": [
          null,
          1,
          1,
          1,
          null,
          1,
          1,
          null,
          null,
          null,
          null,
          null,
          null,
          null,
          null,
          null,
          null,
          null,
          null,
          null,
          null,
          null,
          null,
          null,
          null,
          null,
          null,
          1,
          null,
          0,
          0,
          null,
          1,
          null,
          1,
          null,
          null,
          null,
          null,
          1,
          null,
          null,
          null,
          null,
          null,
          null,
          null,
          null,
          null,
          null,
          null,
          null,
          null,
          null,
          null,
          null,
          null,
          1,
          null,
          null,
          1,
          null,
          null,
          1,
          null
        ]
      },
      "C:/Users/Macie/Desktop/hand2band/questionnaire-app/config/environment.rb": {
        "lines": [
          null,
          1,
          null,
          null,
          1
        ]
      },
      "C:/Users/Macie/Desktop/hand2band/questionnaire-app/config/application.rb": {
        "lines": [
          1,
          null,
          1,
          null,
          1,
          1,
          1,
          1,
          1,
          1,
          1,
          1,
          1,
          1,
          1,
          null,
          null,
          null,
          null,
          1,
          null,
          1,
          1,
          null,
          1,
          null,
          null,
          null,
          null,
          null,
          null,
          null,
          null,
          null,
          null,
          1,
          null,
          null
        ]
      },
      "C:/Users/Macie/Desktop/hand2band/questionnaire-app/config/boot.rb": {
        "lines": [
          1,
          null,
          1,
          1
        ]
      },
      "C:/Users/Macie/Desktop/hand2band/questionnaire-app/config/environments/test.rb": {
        "lines": [
          1,
          null,
          null,
          null,
          null,
          null,
          null,
          1,
          null,
          null,
          1,
          null,
          null,
          null,
          null,
          1,
          null,
          null,
          1,
          1,
          null,
          null,
          null,
          null,
          1,
          1,
          1,
          null,
          null,
          1,
          null,
          null,
          1,
          null,
          null,
          1,
          null,
          1,
          null,
          null,
          null,
          null,
          1,
          null,
          null,
          1,
          null,
          null,
          1,
          null,
          null,
          1,
          null,
          null,
          null,
          null,
          null,
          null,
          null
        ]
      },
      "C:/Users/Macie/Desktop/hand2band/questionnaire-app/config/initializers/application_controller_renderer.rb": {
        "lines": [
          null,
          null,
          null,
          null,
          null,
          null,
          null,
          null
        ]
      },
      "C:/Users/Macie/Desktop/hand2band/questionnaire-app/config/initializers/assets.rb": {
        "lines": [
          null,
          null,
          null,
          1,
          null,
          null,
          null,
          null,
          1,
          null,
          null,
          null,
          null,
          null
        ]
      },
      "C:/Users/Macie/Desktop/hand2band/questionnaire-app/config/initializers/backtrace_silencers.rb": {
        "lines": [
          null,
          null,
          null,
          null,
          null,
          null,
          null,
          1
        ]
      },
      "C:/Users/Macie/Desktop/hand2band/questionnaire-app/config/initializers/content_security_policy.rb": {
        "lines": [
          null,
          null,
          null,
          null,
          null,
          null,
          null,
          null,
          null,
          null,
          null,
          null,
          null,
          null,
          null,
          null,
          null,
          null,
          null,
          null,
          null,
          null,
          null,
          null,
          null,
          null,
          null,
          null,
          null,
          null
        ]
      },
      "C:/Users/Macie/Desktop/hand2band/questionnaire-app/config/initializers/cookies_serializer.rb": {
        "lines": [
          null,
          null,
          null,
          null,
          1
        ]
      },
      "C:/Users/Macie/Desktop/hand2band/questionnaire-app/config/initializers/date_time.rb": {
        "lines": [
          null,
          1,
          null,
          null,
          1
        ]
      },
      "C:/Users/Macie/Desktop/hand2band/questionnaire-app/config/initializers/filter_parameter_logging.rb": {
        "lines": [
          null,
          null,
          null,
          1,
          null,
          null
        ]
      },
      "C:/Users/Macie/Desktop/hand2band/questionnaire-app/config/initializers/inflections.rb": {
        "lines": [
          null,
          null,
          null,
          null,
          null,
          null,
          null,
          null,
          null,
          null,
          null,
          null,
          null,
          null,
          null,
          null
        ]
      },
      "C:/Users/Macie/Desktop/hand2band/questionnaire-app/config/initializers/mime_types.rb": {
        "lines": [
          null,
          null,
          null,
          null
        ]
      },
      "C:/Users/Macie/Desktop/hand2band/questionnaire-app/config/initializers/permissions_policy.rb": {
        "lines": [
          null,
          null,
          null,
          null,
          null,
          null,
          null,
          null,
          null,
          null,
          null
        ]
      },
      "C:/Users/Macie/Desktop/hand2band/questionnaire-app/config/initializers/wrap_parameters.rb": {
        "lines": [
          null,
          null,
          null,
          null,
          null,
          null,
          1,
          2,
          null,
          null,
          null,
          null,
          null,
          null
        ]
      },
      "C:/Users/Macie/Desktop/hand2band/questionnaire-app/spec/factories.rb": {
        "lines": [
          1,
          null,
          1,
          1,
          43,
          null,
          null,
          1,
          1,
          39,
          null,
          null,
          1,
          1,
          38,
          1,
          38,
          38,
          null,
          null,
          1,
          1,
          8,
          null,
          null,
          1,
          1,
          null,
          null,
          1,
          1,
          1,
          16,
          null,
          null,
          1,
          1,
          1,
          4,
          null,
          null,
          1,
          1,
          1,
          5,
          null,
          null
        ]
      },
      "C:/Users/Macie/Desktop/hand2band/questionnaire-app/config/routes.rb": {
        "lines": [
          1,
          1,
          1,
          1,
          1,
          null,
          1,
          1,
          null,
          null,
          null
        ]
      },
      "C:/Users/Macie/Desktop/hand2band/questionnaire-app/app/helpers/answers_helper.rb": {
        "lines": [
          1,
          null
        ]
      },
      "C:/Users/Macie/Desktop/hand2band/questionnaire-app/app/helpers/application_helper.rb": {
        "lines": [
          1,
          null
        ]
      },
      "C:/Users/Macie/Desktop/hand2band/questionnaire-app/app/helpers/approaches_helper.rb": {
        "lines": [
          1,
          null
        ]
      },
      "C:/Users/Macie/Desktop/hand2band/questionnaire-app/app/helpers/sections_helper.rb": {
        "lines": [
          1,
          null
        ]
      },
      "C:/Users/Macie/Desktop/hand2band/questionnaire-app/app/helpers/survey_helper.rb": {
        "lines": [
          1,
          null
        ]
      },
      "C:/Users/Macie/Desktop/hand2band/questionnaire-app/app/models/answer.rb": {
        "lines": [
          1,
          null,
          null,
          1,
          1,
          1,
          null,
          1,
          1,
          null,
          1,
          36,
          36,
          36,
          null,
          1,
          0,
          null,
          null,
          1,
          0,
          null,
          null,
          1,
          9,
          0,
          null,
          9,
          null,
          null,
          1,
          56,
          null,
          null
        ]
      },
      "C:/Users/Macie/Desktop/hand2band/questionnaire-app/app/models/application_record.rb": {
        "lines": [
          1,
          1,
          null
        ]
      },
      "C:/Users/Macie/Desktop/hand2band/questionnaire-app/app/models/text_answer.rb": {
        "lines": [
          1,
          null,
          3,
          27,
          null,
          1,
          40,
          null,
          null,
          1,
          5,
          null,
          null,
          1,
          23,
          null,
          null
        ]
      },
      "C:/Users/Macie/Desktop/hand2band/questionnaire-app/app/models/date_answer.rb": {
        "lines": [
          1,
          1,
          null,
          4,
          null,
          null,
          1,
          1,
          null,
          null
        ]
      },
      "C:/Users/Macie/Desktop/hand2band/questionnaire-app/app/models/select_answer.rb": {
        "lines": [
          1,
          1,
          1,
          1,
          1,
          null,
          1,
          9,
          null,
          null,
          1,
          11,
          null,
          null,
          1,
          2,
          null,
          null,
          1,
          7,
          7,
          5,
          null,
          2,
          null,
          null,
          null,
          1,
          5,
          0,
          null,
          null,
          null
        ]
      },
      "C:/Users/Macie/Desktop/hand2band/questionnaire-app/spec/models/approach_spec.rb": {
        "lines": [
          1,
          null,
          1,
          1,
          2,
          2,
          2,
          2,
          2,
          null,
          null,
          1,
          1,
          null,
          null,
          1,
          1,
          1,
          null,
          null
        ]
      },
      "C:/Users/Macie/Desktop/hand2band/questionnaire-app/app/models/approach.rb": {
        "lines": [
          1,
          1,
          1,
          1,
          null,
          1,
          null,
          1,
          null,
          1,
          24,
          null,
          null
        ]
      },
      "C:/Users/Macie/Desktop/hand2band/questionnaire-app/spec/models/date_answer_spec.rb": {
        "lines": [
          1,
          null,
          1,
          1,
          3,
          3,
          3,
          3,
          3,
          null,
          null,
          1,
          1,
          1,
          1,
          null,
          null,
          1,
          1,
          null,
          null,
          1,
          1,
          null,
          null
        ]
      },
      "C:/Users/Macie/Desktop/hand2band/questionnaire-app/spec/models/option_spec.rb": {
        "lines": [
          1,
          null,
          1,
          5,
          1,
          1,
          null,
          1,
          1,
          1,
          null,
          null,
          1,
          1,
          null,
          null,
          1,
          1,
          1,
          1,
          null,
          1,
          null,
          null
        ]
      },
      "C:/Users/Macie/Desktop/hand2band/questionnaire-app/app/models/option.rb": {
        "lines": [
          1,
          1,
          1,
          null,
          1,
          null,
          1,
          null,
          1,
          2,
          1,
          1,
          null,
          1,
          null,
          null
        ]
      },
      "C:/Users/Macie/Desktop/hand2band/questionnaire-app/spec/models/question_spec.rb": {
        "lines": [
          1,
          null,
          1,
          9,
          1,
          1,
          null,
          1,
          1,
          1,
          null,
          null,
          1,
          1,
          1,
          null,
          null,
          1,
          1,
          1,
          1,
          1,
          null,
          null,
          1,
          1,
          1,
          1,
          null,
          null,
          1,
          1,
          1,
          1,
          null,
          null,
          1,
          1,
          1,
          1,
          null,
          null,
          1,
          1,
          1,
          1,
          1,
          null,
          null,
          null
        ]
      },
      "C:/Users/Macie/Desktop/hand2band/questionnaire-app/app/models/question.rb": {
        "lines": [
          1,
          1,
          31,
          1,
          null,
          1,
          null,
          1,
          null,
          1,
          209,
          1,
          53,
          53,
          null
        ]
      },
      "C:/Users/Macie/Desktop/hand2band/questionnaire-app/spec/models/section_spec.rb": {
        "lines": [
          1,
          null,
          1,
          3,
          1,
          1,
          null,
          1,
          1,
          1,
          null,
          null
        ]
      },
      "C:/Users/Macie/Desktop/hand2band/questionnaire-app/app/models/section.rb": {
        "lines": [
          1,
          1,
          26,
          null,
          1,
          null,
          1,
          0,
          null,
          null,
          1,
          0,
          null,
          null
        ]
      },
      "C:/Users/Macie/Desktop/hand2band/questionnaire-app/spec/models/select_answer_spec.rb": {
        "lines": [
          1,
          null,
          1,
          1,
          4,
          4,
          4,
          4,
          4,
          4,
          4,
          null,
          null,
          1,
          1,
          1,
          null,
          null,
          1,
          1,
          1,
          1,
          1,
          1,
          null,
          null,
          1,
          1,
          null,
          null,
          1,
          1,
          null,
          null
        ]
      },
      "C:/Users/Macie/Desktop/hand2band/questionnaire-app/spec/models/survey_spec.rb": {
        "lines": [
          1,
          null,
          1,
          3,
          1,
          1,
          null,
          1,
          1,
          1,
          null,
          null
        ]
      },
      "C:/Users/Macie/Desktop/hand2band/questionnaire-app/app/models/survey.rb": {
        "lines": [
          1,
          26,
          51,
          null,
          1,
          1,
          null
        ]
      },
      "C:/Users/Macie/Desktop/hand2band/questionnaire-app/spec/models/text_answer_spec.rb": {
        "lines": [
          1,
          null,
          1,
          1,
          7,
          7,
          7,
          7,
          7,
          null,
          null,
          1,
          1,
          null,
          null,
          1,
          1,
          1,
          1,
          null,
          null,
          1,
          1,
          1,
          1,
          null,
          null,
          1,
          1,
          1,
          1,
          null,
          null,
          1,
          1,
          1,
          1,
          null,
          null,
          1,
          1,
          null,
          null,
          1,
          1,
          null,
          null
        ]
      },
      "C:/Users/Macie/Desktop/hand2band/questionnaire-app/spec/requests/answers_request_spec.rb": {
        "lines": [
          1,
          null,
          1,
          null,
          null
        ]
      },
      "C:/Users/Macie/Desktop/hand2band/questionnaire-app/spec/requests/approaches_request_spec.rb": {
        "lines": [
          1,
          null,
          1,
          null,
          null
        ]
      },
      "C:/Users/Macie/Desktop/hand2band/questionnaire-app/spec/requests/survey_request_spec.rb": {
        "lines": [
          1,
          null,
          1,
          null,
          null
        ]
      }
    },
    "timestamp": 1613063884
  }
}
